<workbook status="OK" author="Asiel Hernandez" title="Excel Test">
	<worksheets>
		<worksheet name="Tab test" tabColor="#2196f3">
			<rows>
				<row number="0" height="30" style="text-align:center;background-color&#00ff00;color:#0000ff"/>
			</rows>
			<columns>
				<column number="0" width="15" style="text-align:center;background-color:#ff0000;color:#0000ff"></column>
			</columns>
			<cells>
				<cell row="0" column="1" >Cell 7,1</cell>
				<cell row="7" column="5">Cell 7,5</cell>
				<cell row="3" column="2" style="text-align:center;background-color:#ff0000;color:#0000ff">Cell Test</cell>
			</cells>
		</worksheet>
	</worksheets>
</workbook>