<workbook>
	<worksheets>
		<worksheet name="tab1">
			<cells>
				<cell column="1" row="1">Hola Mundo</cell>
			</cells>
		</worksheet>
	</worksheets>
</workbook>